2020-07-21T17:43:50.693Z - normal: Load ~/.CocosCreator/settings.json
2020-07-21T17:43:50.728Z - normal: Initializing Asset Database
2020-07-21T17:43:50.730Z - normal: checking language setting...
2020-07-21T17:43:50.730Z - normal: Language: zh
2020-07-21T17:43:51.600Z - success: protocol editor-framework registered
2020-07-21T17:43:51.600Z - success: protocol app registered
2020-07-21T17:43:51.600Z - success: protocol theme registered
2020-07-21T17:43:51.600Z - success: protocol packages registered
2020-07-21T17:43:51.600Z - success: protocol uuid registerred
2020-07-21T17:43:51.600Z - success: protocol db registerred
2020-07-21T17:43:51.601Z - success: protocol thumbnail registerred
2020-07-21T17:43:51.601Z - success: protocol unpack registerred
2020-07-21T17:43:51.601Z - success: protocol disable-commonjs registerred
2020-07-21T17:43:54.592Z - normal: failed to connect login server due to request timeout
2020-07-21T17:43:54.593Z - normal: Check project /Users/caofly/Desktop/wxMiniGame/RunningFool
2020-07-21T17:43:54.595Z - normal: Initializing project /Users/caofly/Desktop/wxMiniGame/RunningFool
2020-07-21T17:43:54.766Z - success: adapters loaded
2020-07-21T17:43:54.770Z - success: asset-db-debugger loaded
2020-07-21T17:43:54.828Z - success: fb-audience-network loaded
2020-07-21T17:43:54.858Z - success: fb-live-stream loaded
2020-07-21T17:43:54.860Z - success: google-play-instant loaded
2020-07-21T17:43:54.861Z - success: jsb-adapter loaded
2020-07-21T17:43:54.865Z - success: package-manager loaded
2020-07-21T17:43:54.866Z - success: runtime-adapters loaded
2020-07-21T17:43:54.868Z - success: runtime-dev-tools loaded
2020-07-21T17:43:54.872Z - success: sdkbox loaded
2020-07-21T17:43:54.875Z - success: ui-kit-preview-extra loaded
2020-07-21T17:43:54.878Z - success: ui-kit-preview loaded
2020-07-21T17:43:54.920Z - success: alipay-minigame loaded
2020-07-21T17:43:54.976Z - success: assets loaded
2020-07-21T17:43:54.978Z - success: baidugame-opendata loaded
2020-07-21T17:43:54.980Z - success: baidugame loaded
2020-07-21T17:43:54.983Z - success: builder loaded
2020-07-21T17:43:54.988Z - success: cloud-function loaded
2020-07-21T17:43:55.142Z - success: cocos-services loaded
2020-07-21T17:43:55.145Z - success: console loaded
2020-07-21T17:43:55.147Z - success: curve-editor loaded
2020-07-21T17:43:55.155Z - success: fb-instant-games loaded
2020-07-21T17:43:55.158Z - success: game-window loaded
2020-07-21T17:43:55.159Z - success: google-instant-games loaded
2020-07-21T17:43:55.162Z - success: hierarchy loaded
2020-07-21T17:43:55.165Z - success: huawei-runtime loaded
2020-07-21T17:43:55.168Z - success: inspector loaded
2020-07-21T17:43:55.180Z - success: cpk-publish loaded
2020-07-21T17:43:55.180Z - success: keystore loaded
2020-07-21T17:43:55.191Z - success: node-library loaded
2020-07-21T17:43:55.192Z - success: open-recent-items loaded
2020-07-21T17:43:55.195Z - success: oppo-runtime loaded
2020-07-21T17:43:55.196Z - success: package-asset loaded
2020-07-21T17:43:55.197Z - success: preferences loaded
2020-07-21T17:43:55.199Z - success: project-importer loaded
2020-07-21T17:43:55.201Z - success: project-settings loaded
2020-07-21T17:43:55.213Z - success: qtt-runtime loaded
2020-07-21T17:43:55.217Z - success: scene loaded
2020-07-21T17:43:55.218Z - success: simulator-debugger loaded
2020-07-21T17:43:55.218Z - success: sprite-editor loaded
2020-07-21T17:43:55.260Z - success: store loaded
2020-07-21T17:43:55.263Z - success: timeline loaded
2020-07-21T17:43:55.267Z - success: vivo-runtime loaded
2020-07-21T17:43:55.268Z - success: wechatgame-opendata loaded
2020-07-21T17:43:55.271Z - success: wechatgame loaded
2020-07-21T17:43:55.273Z - success: xiaomi-runtime loaded
2020-07-21T17:43:55.418Z - success: im-plugin loaded
2020-07-21T17:43:55.419Z - success: preview server running at http://localhost:7456
2020-07-21T17:43:56.818Z - normal: Initializing Cocos2d
2020-07-21T17:43:57.076Z - normal: Initializing engine extends
2020-07-21T17:43:57.935Z - normal: Loading packages
2020-07-21T17:43:57.938Z - normal: Watching packages
2020-07-21T17:43:58.038Z - normal: Run Application
2020-07-21T17:43:58.427Z - info: Cocos Service load base data!
2020-07-21T17:44:01.561Z - warn: No needs to indicate the 'cc.Boolean' attribute for "physicsManager.isDebug", which its default value is type of Boolean.
2020-07-21T17:44:09.983Z - normal: Start building with options : {
  "actualPlatform": "wechatgame",
  "android": {
    "REMOTE_SERVER_ROOT": "",
    "packageName": "org.cocos2d.demo"
  },
  "android-instant": {
    "REMOTE_SERVER_ROOT": "",
    "host": "",
    "packageName": "org.cocos2d.demo",
    "pathPattern": "",
    "recordPath": "",
    "scheme": "https",
    "skipRecord": false
  },
  "apiLevel": "",
  "appABIs": [],
  "appBundle": false,
  "buildPath": "/Users/caofly/Desktop/wxMiniGame/RunningFool/build",
  "buildScriptsOnly": false,
  "debug": false,
  "dest": "/Users/caofly/Desktop/wxMiniGame/RunningFool/build/wechatgame",
  "embedWebDebugger": false,
  "encryptJs": true,
  "excludeScenes": [],
  "excludedModules": [
    "3D Physics/Builtin"
  ],
  "fb-instant-games": {},
  "includeSDKBox": false,
  "inlineSpriteFrames": true,
  "inlineSpriteFrames_native": true,
  "ios": {
    "REMOTE_SERVER_ROOT": "",
    "packageName": "org.cocos2d.demo"
  },
  "mac": {
    "REMOTE_SERVER_ROOT": "",
    "height": 720,
    "packageName": "org.cocos2d.demo",
    "width": 1280
  },
  "mainCompressionType": "default",
  "mainIsRemote": false,
  "md5Cache": true,
  "optimizeHotUpdate": false,
  "orientation": {
    "landscapeLeft": true,
    "landscapeRight": true,
    "portrait": false,
    "upsideDown": false
  },
  "packageName": "org.cocos2d.demo",
  "platform": "mini-game",
  "previewHeight": "720",
  "previewWidth": "1280",
  "scenes": [
    "a2572ca5-a2d3-4e05-906f-6b78268d22e7",
    "a3730f66-616c-42b1-bf16-a2bf4e9b760c",
    "ace125e6-bb28-4b4f-9fd1-44a75e508d57"
  ],
  "separateEngineMode": false,
  "sourceMaps": false,
  "startScene": "a2572ca5-a2d3-4e05-906f-6b78268d22e7",
  "template": "link",
  "title": "RunningFool",
  "useDebugKeystore": true,
  "vsVersion": "auto",
  "webOrientation": "auto",
  "win32": {
    "REMOTE_SERVER_ROOT": "",
    "height": 720,
    "width": 1280
  },
  "xxteaKey": "2f72ac01-8054-48",
  "zipCompressJs": true,
  "project": "/Users/caofly/Desktop/wxMiniGame/RunningFool",
  "projectName": "RunningFool",
  "debugBuildWorker": false
}
2020-07-21T17:44:09.984Z - normal: Building /Users/caofly/Desktop/wxMiniGame/RunningFool
2020-07-21T17:44:09.984Z - normal: Destination /Users/caofly/Desktop/wxMiniGame/RunningFool/build/wechatgame
2020-07-21T17:44:10.056Z - normal: Delete /Users/caofly/Desktop/wxMiniGame/RunningFool/build/wechatgame/**/*,!/Users/caofly/Desktop/wxMiniGame/RunningFool/build/wechatgame/game.json,!/Users/caofly/Desktop/wxMiniGame/RunningFool/build/wechatgame/project.config.json
2020-07-21T17:44:10.137Z - normal: Building 3D physics modules...
2020-07-21T17:44:16.176Z - normal: Start building assets
2020-07-21T17:44:16.176Z - normal: Start spawn build-worker
2020-07-21T17:44:16.691Z - normal: Finish spawn build-worker
2020-07-21T17:44:16.691Z - normal: Start init build-worker
2020-07-21T17:44:18.471Z - normal: Finish init build-worker
2020-07-21T17:44:18.471Z - normal: Start build-assets in worker
2020-07-21T17:44:18.838Z - normal: Finish build-assets in worker
2020-07-21T17:44:18.851Z - normal: Finish building assets
2020-07-21T17:44:18.864Z - normal: Start building plugin scripts
2020-07-21T17:44:21.648Z - normal: Built wechatgame successfully
2020-07-21T17:46:13.640Z - warn: No needs to indicate the 'cc.Boolean' attribute for "physicsManager.isDebug", which its default value is type of Boolean.
2020-07-21T17:46:19.145Z - normal: Start building with options : {
  "actualPlatform": "wechatgame",
  "android": {
    "REMOTE_SERVER_ROOT": "",
    "packageName": "org.cocos2d.demo"
  },
  "android-instant": {
    "REMOTE_SERVER_ROOT": "",
    "host": "",
    "packageName": "org.cocos2d.demo",
    "pathPattern": "",
    "recordPath": "",
    "scheme": "https",
    "skipRecord": false
  },
  "apiLevel": "",
  "appABIs": [],
  "appBundle": false,
  "buildPath": "/Users/caofly/Desktop/wxMiniGame/RunningFool/build",
  "buildScriptsOnly": false,
  "debug": false,
  "dest": "/Users/caofly/Desktop/wxMiniGame/RunningFool/build/wechatgame",
  "embedWebDebugger": false,
  "encryptJs": true,
  "excludeScenes": [],
  "excludedModules": [
    "3D Physics/Builtin"
  ],
  "fb-instant-games": {},
  "includeSDKBox": false,
  "inlineSpriteFrames": true,
  "inlineSpriteFrames_native": true,
  "ios": {
    "REMOTE_SERVER_ROOT": "",
    "packageName": "org.cocos2d.demo"
  },
  "mac": {
    "REMOTE_SERVER_ROOT": "",
    "height": 720,
    "packageName": "org.cocos2d.demo",
    "width": 1280
  },
  "mainCompressionType": "default",
  "mainIsRemote": false,
  "md5Cache": true,
  "optimizeHotUpdate": false,
  "orientation": {
    "landscapeLeft": true,
    "landscapeRight": true,
    "portrait": false,
    "upsideDown": false
  },
  "packageName": "org.cocos2d.demo",
  "platform": "mini-game",
  "previewHeight": "720",
  "previewWidth": "1280",
  "scenes": [
    "a2572ca5-a2d3-4e05-906f-6b78268d22e7",
    "a3730f66-616c-42b1-bf16-a2bf4e9b760c",
    "ace125e6-bb28-4b4f-9fd1-44a75e508d57"
  ],
  "separateEngineMode": false,
  "sourceMaps": false,
  "startScene": "a2572ca5-a2d3-4e05-906f-6b78268d22e7",
  "template": "link",
  "title": "RunningFool",
  "useDebugKeystore": true,
  "vsVersion": "auto",
  "webOrientation": "auto",
  "win32": {
    "REMOTE_SERVER_ROOT": "",
    "height": 720,
    "width": 1280
  },
  "xxteaKey": "2f72ac01-8054-48",
  "zipCompressJs": true,
  "project": "/Users/caofly/Desktop/wxMiniGame/RunningFool",
  "projectName": "RunningFool",
  "debugBuildWorker": false
}
2020-07-21T17:46:19.145Z - normal: Building /Users/caofly/Desktop/wxMiniGame/RunningFool
2020-07-21T17:46:19.146Z - normal: Destination /Users/caofly/Desktop/wxMiniGame/RunningFool/build/wechatgame
2020-07-21T17:46:19.146Z - normal: Delete /Users/caofly/Desktop/wxMiniGame/RunningFool/build/wechatgame/**/*,!/Users/caofly/Desktop/wxMiniGame/RunningFool/build/wechatgame/game.json,!/Users/caofly/Desktop/wxMiniGame/RunningFool/build/wechatgame/project.config.json
2020-07-21T17:46:19.191Z - normal: Building 3D physics modules...
2020-07-21T17:46:24.548Z - normal: Start building assets
2020-07-21T17:46:24.548Z - normal: Start spawn build-worker
2020-07-21T17:46:25.056Z - normal: Finish spawn build-worker
2020-07-21T17:46:25.057Z - normal: Start init build-worker
2020-07-21T17:46:26.856Z - normal: Finish init build-worker
2020-07-21T17:46:26.856Z - normal: Start build-assets in worker
2020-07-21T17:46:27.230Z - normal: Finish build-assets in worker
2020-07-21T17:46:27.245Z - normal: Finish building assets
2020-07-21T17:46:27.254Z - normal: Start building plugin scripts
2020-07-21T17:46:29.639Z - normal: Built wechatgame successfully
2020-07-21T17:47:01.095Z - normal: Start building with options : {
  "actualPlatform": "wechatgame",
  "android": {
    "REMOTE_SERVER_ROOT": "",
    "packageName": "org.cocos2d.demo"
  },
  "android-instant": {
    "REMOTE_SERVER_ROOT": "",
    "host": "",
    "packageName": "org.cocos2d.demo",
    "pathPattern": "",
    "recordPath": "",
    "scheme": "https",
    "skipRecord": false
  },
  "apiLevel": "",
  "appABIs": [],
  "appBundle": false,
  "buildPath": "/Users/caofly/Desktop/wxMiniGame/RunningFool/build",
  "buildScriptsOnly": false,
  "debug": false,
  "dest": "/Users/caofly/Desktop/wxMiniGame/RunningFool/build/wechatgame",
  "embedWebDebugger": false,
  "encryptJs": true,
  "excludeScenes": [],
  "excludedModules": [
    "3D Physics/Builtin"
  ],
  "fb-instant-games": {},
  "includeSDKBox": false,
  "inlineSpriteFrames": true,
  "inlineSpriteFrames_native": true,
  "ios": {
    "REMOTE_SERVER_ROOT": "",
    "packageName": "org.cocos2d.demo"
  },
  "mac": {
    "REMOTE_SERVER_ROOT": "",
    "height": 720,
    "packageName": "org.cocos2d.demo",
    "width": 1280
  },
  "mainCompressionType": "default",
  "mainIsRemote": false,
  "md5Cache": true,
  "optimizeHotUpdate": false,
  "orientation": {
    "landscapeLeft": true,
    "landscapeRight": true,
    "portrait": false,
    "upsideDown": false
  },
  "packageName": "org.cocos2d.demo",
  "platform": "mini-game",
  "previewHeight": "720",
  "previewWidth": "1280",
  "scenes": [
    "a2572ca5-a2d3-4e05-906f-6b78268d22e7",
    "a3730f66-616c-42b1-bf16-a2bf4e9b760c",
    "ace125e6-bb28-4b4f-9fd1-44a75e508d57"
  ],
  "separateEngineMode": false,
  "sourceMaps": false,
  "startScene": "a2572ca5-a2d3-4e05-906f-6b78268d22e7",
  "template": "link",
  "title": "RunningFool",
  "useDebugKeystore": true,
  "vsVersion": "auto",
  "webOrientation": "auto",
  "win32": {
    "REMOTE_SERVER_ROOT": "",
    "height": 720,
    "width": 1280
  },
  "xxteaKey": "2f72ac01-8054-48",
  "zipCompressJs": true,
  "project": "/Users/caofly/Desktop/wxMiniGame/RunningFool",
  "projectName": "RunningFool",
  "debugBuildWorker": false
}
2020-07-21T17:47:01.096Z - normal: Building /Users/caofly/Desktop/wxMiniGame/RunningFool
2020-07-21T17:47:01.096Z - normal: Destination /Users/caofly/Desktop/wxMiniGame/RunningFool/build/wechatgame
2020-07-21T17:47:01.097Z - normal: Delete /Users/caofly/Desktop/wxMiniGame/RunningFool/build/wechatgame/**/*,!/Users/caofly/Desktop/wxMiniGame/RunningFool/build/wechatgame/game.json,!/Users/caofly/Desktop/wxMiniGame/RunningFool/build/wechatgame/project.config.json
2020-07-21T17:47:01.138Z - normal: Building 3D physics modules...
2020-07-21T17:47:06.071Z - normal: Start building assets
2020-07-21T17:47:06.071Z - normal: Start spawn build-worker
2020-07-21T17:47:06.506Z - normal: Finish spawn build-worker
2020-07-21T17:47:06.506Z - normal: Start init build-worker
2020-07-21T17:47:08.216Z - normal: Finish init build-worker
2020-07-21T17:47:08.216Z - normal: Start build-assets in worker
2020-07-21T17:47:08.548Z - normal: Finish build-assets in worker
2020-07-21T17:47:08.566Z - normal: Finish building assets
2020-07-21T17:47:08.573Z - normal: Start building plugin scripts
2020-07-21T17:47:10.858Z - normal: Built wechatgame successfully
2020-07-21T17:48:49.817Z - warn: No needs to indicate the 'cc.Boolean' attribute for "physicsManager.isDebug", which its default value is type of Boolean.
